C:\Users\rupali.tidke\documents\visual studio 2015\Projects\Angular 2 Basics\Angular 2 Basics\src\app\app.component.js
C:\Users\rupali.tidke\documents\visual studio 2015\Projects\Angular 2 Basics\Angular 2 Basics\src\app\app.component.js.map
C:\Users\rupali.tidke\documents\visual studio 2015\Projects\Angular 2 Basics\Angular 2 Basics\src\app\employee\employee.js
C:\Users\rupali.tidke\documents\visual studio 2015\Projects\Angular 2 Basics\Angular 2 Basics\src\app\employee\employee.js.map
C:\Users\rupali.tidke\documents\visual studio 2015\Projects\Angular 2 Basics\Angular 2 Basics\src\app\employee\employee.service.js
C:\Users\rupali.tidke\documents\visual studio 2015\Projects\Angular 2 Basics\Angular 2 Basics\src\app\employee\employee.service.js.map
C:\Users\rupali.tidke\documents\visual studio 2015\Projects\Angular 2 Basics\Angular 2 Basics\src\app\employee\employee.component.js
C:\Users\rupali.tidke\documents\visual studio 2015\Projects\Angular 2 Basics\Angular 2 Basics\src\app\employee\employee.component.js.map
C:\Users\rupali.tidke\documents\visual studio 2015\Projects\Angular 2 Basics\Angular 2 Basics\src\app\employee\employeeList.component.js
C:\Users\rupali.tidke\documents\visual studio 2015\Projects\Angular 2 Basics\Angular 2 Basics\src\app\employee\employeeList.component.js.map
C:\Users\rupali.tidke\documents\visual studio 2015\Projects\Angular 2 Basics\Angular 2 Basics\src\app\employee\employeeCount.component.js
C:\Users\rupali.tidke\documents\visual studio 2015\Projects\Angular 2 Basics\Angular 2 Basics\src\app\employee\employeeCount.component.js.map
C:\Users\rupali.tidke\documents\visual studio 2015\Projects\Angular 2 Basics\Angular 2 Basics\src\app\home\home.component.js
C:\Users\rupali.tidke\documents\visual studio 2015\Projects\Angular 2 Basics\Angular 2 Basics\src\app\home\home.component.js.map
C:\Users\rupali.tidke\documents\visual studio 2015\Projects\Angular 2 Basics\Angular 2 Basics\src\app\others\pageNotFound.component.js
C:\Users\rupali.tidke\documents\visual studio 2015\Projects\Angular 2 Basics\Angular 2 Basics\src\app\others\pageNotFound.component.js.map
C:\Users\rupali.tidke\documents\visual studio 2015\Projects\Angular 2 Basics\Angular 2 Basics\src\app\app.module.js
C:\Users\rupali.tidke\documents\visual studio 2015\Projects\Angular 2 Basics\Angular 2 Basics\src\app\app.module.js.map
C:\Users\rupali.tidke\documents\visual studio 2015\Projects\Angular 2 Basics\Angular 2 Basics\src\main.js
C:\Users\rupali.tidke\documents\visual studio 2015\Projects\Angular 2 Basics\Angular 2 Basics\src\main.js.map
C:\Users\rupali.tidke\documents\visual studio 2015\Projects\Angular 2 Basics\Angular 2 Basics\src\app\app.component.spec.js
C:\Users\rupali.tidke\documents\visual studio 2015\Projects\Angular 2 Basics\Angular 2 Basics\src\app\app.component.spec.js.map
